\BOOKMARK [0][-]{chapter.1}{\376\377\000I\000n\000t\000r\000o\000d\000u\000c\000t\000i\000o\000n}{}% 1
\BOOKMARK [0][-]{chapter.2}{\376\377\000S\000e\000t\000u\000p\000\040\000a\000n\000d\000\040\000D\000a\000t\000a\000\040\000A\000c\000q\000u\000i\000s\000i\000t\000i\000o\000n}{}% 2
\BOOKMARK [1][-]{section.2.1}{\376\377\000I\000m\000p\000o\000r\000t\000s\000\040\000a\000n\000d\000\040\000H\000o\000u\000s\000e\000k\000e\000e\000p\000i\000n\000g}{chapter.2}% 3
\BOOKMARK [1][-]{section.2.2}{\376\377\000G\000e\000t\000t\000i\000n\000g\000\040\000O\000r\000i\000g\000i\000n\000a\000l\000\040\000I\000A\000T\000I\000\040\000F\000i\000l\000e\000s}{chapter.2}% 4
\BOOKMARK [1][-]{section.2.3}{\376\377\000M\000e\000r\000g\000i\000n\000g\000\040\000I\000A\000T\000I\000\040\000F\000i\000l\000e\000s}{chapter.2}% 5
\BOOKMARK [0][-]{chapter.3}{\376\377\000I\000n\000i\000t\000i\000a\000l\000\040\000V\000a\000l\000i\000d\000a\000t\000i\000o\000n}{}% 6
\BOOKMARK [1][-]{section.3.1}{\376\377\000S\000c\000h\000e\000m\000a\000\040\000V\000a\000l\000i\000d\000a\000t\000i\000o\000n}{chapter.3}% 7
\BOOKMARK [1][-]{section.3.2}{\376\377\000R\000u\000l\000e\000s\000e\000t\000\040\000V\000a\000l\000i\000d\000a\000t\000i\000o\000n}{chapter.3}% 8
\BOOKMARK [0][-]{chapter.4}{\376\377\000A\000s\000s\000e\000s\000s\000i\000n\000g\000\040\000C\000o\000m\000p\000l\000i\000a\000n\000c\000e\000\040\000a\000n\000d\000\040\000C\000o\000v\000e\000r\000a\000g\000e}{}% 9
\BOOKMARK [1][-]{section.4.1}{\376\377\000I\000n\000i\000t\000i\000a\000l\000\040\000E\000v\000a\000l\000u\000a\000t\000i\000o\000n\000\040\000a\000t\000\040\000C\000o\000m\000p\000l\000i\000a\000n\000c\000e\000\040\000a\000n\000d\000\040\000C\000o\000v\000e\000r\000a\000g\000e}{chapter.4}% 10
\BOOKMARK [2][-]{subsection.4.1.1}{\376\377\000T\000i\000m\000e\000l\000i\000n\000e\000s\000s}{section.4.1}% 11
\BOOKMARK [2][-]{subsection.4.1.2}{\376\377\000F\000o\000r\000w\000a\000r\000d\000\040\000L\000o\000o\000k\000i\000n\000g\000\040\000D\000a\000t\000a}{section.4.1}% 12
\BOOKMARK [2][-]{subsection.4.1.3}{\376\377\000C\000o\000v\000e\000r\000a\000g\000e\000\040\000O\000f\000\040\000I\000A\000T\000I\000\040\000S\000t\000a\000n\000d\000a\000r\000d\000\040\000E\000l\000e\000m\000e\000n\000t\000s}{section.4.1}% 13
\BOOKMARK [1][-]{section.4.2}{\376\377\000D\000e\000t\000a\000i\000l\000e\000d\000\040\000A\000n\000a\000l\000y\000s\000i\000s\000\040\000M\000e\000t\000h\000o\000d}{chapter.4}% 14
\BOOKMARK [1][-]{section.4.3}{\376\377\000D\000e\000l\000i\000v\000e\000r\000a\000b\000l\000e\000\040\0003\000.\0001\000.\0001}{chapter.4}% 15
\BOOKMARK [2][-]{subsection.4.3.1}{\376\377\000U\000s\000e\000\040\000C\000a\000s\000e}{section.4.3}% 16
\BOOKMARK [2][-]{subsection.4.3.2}{\376\377\000R\000e\000c\000i\000p\000i\000e\000n\000t\000\040\000C\000o\000u\000n\000t\000r\000i\000e\000s}{section.4.3}% 17
\BOOKMARK [2][-]{subsection.4.3.3}{\376\377\000P\000a\000r\000t\000i\000c\000i\000p\000a\000t\000i\000n\000g\000\040\000O\000r\000g\000a\000n\000i\000s\000a\000t\000i\000o\000n\000s}{section.4.3}% 18
\BOOKMARK [1][-]{section.4.4}{\376\377\000D\000e\000l\000i\000v\000e\000r\000a\000b\000l\000e\000\040\0003\000.\0001\000.\0002}{chapter.4}% 19
\BOOKMARK [2][-]{subsection.4.4.1}{\376\377\000U\000s\000e\000\040\000C\000a\000s\000e}{section.4.4}% 20
\BOOKMARK [2][-]{subsection.4.4.2}{\376\377\000E\000x\000i\000s\000t\000e\000n\000c\000e\000\040\000o\000f\000\040\000R\000e\000q\000u\000i\000r\000e\000d\000\040\000F\000i\000e\000l\000d\000s}{section.4.4}% 21
\BOOKMARK [2][-]{subsection.4.4.3}{\376\377\000H\000o\000w\000\040\000t\000h\000e\000\040\000R\000e\000q\000u\000i\000r\000e\000d\000\040\000F\000i\000e\000l\000d\000s\000\040\000a\000r\000e\000\040\000R\000e\000l\000a\000t\000e\000d}{section.4.4}% 22
\BOOKMARK [1][-]{section.4.5}{\376\377\000D\000e\000l\000i\000v\000e\000r\000a\000b\000l\000e\000\040\0003\000.\0001\000.\0003}{chapter.4}% 23
\BOOKMARK [2][-]{subsection.4.5.1}{\376\377\000U\000s\000e\000\040\000C\000a\000s\000e}{section.4.5}% 24
\BOOKMARK [2][-]{subsection.4.5.2}{\376\377\000O\000t\000h\000e\000r\000\040\000I\000d\000e\000n\000t\000i\000f\000i\000e\000r}{section.4.5}% 25
\BOOKMARK [2][-]{subsection.4.5.3}{\376\377\000T\000r\000a\000n\000s\000a\000c\000t\000i\000o\000n\000s}{section.4.5}% 26
\BOOKMARK [3][-]{subsubsection.4.5.3.1}{\376\377\000T\000r\000a\000n\000s\000a\000c\000t\000i\000o\000n\000\040\000P\000r\000o\000v\000i\000d\000e\000r\000\040\000O\000r\000g\000a\000n\000i\000s\000a\000t\000i\000o\000n}{subsection.4.5.3}% 27
\BOOKMARK [3][-]{subsubsection.4.5.3.2}{\376\377\000T\000r\000a\000n\000s\000a\000c\000t\000i\000o\000n\000\040\000R\000e\000c\000e\000i\000v\000e\000r\000\040\000O\000r\000g\000a\000n\000i\000s\000a\000t\000i\000o\000n}{subsection.4.5.3}% 28
\BOOKMARK [1][-]{section.4.6}{\376\377\000D\000e\000l\000i\000v\000e\000r\000a\000b\000l\000e\000\040\0003\000.\0001\000.\0004}{chapter.4}% 29
\BOOKMARK [2][-]{subsection.4.6.1}{\376\377\000U\000s\000e\000\040\000C\000a\000s\000e}{section.4.6}% 30
\BOOKMARK [1][-]{section.4.7}{\376\377\000D\000e\000l\000i\000v\000e\000r\000a\000b\000l\000e\000\040\0003\000.\0001\000.\0005}{chapter.4}% 31
\BOOKMARK [2][-]{subsection.4.7.1}{\376\377\000U\000s\000e\000\040\000C\000a\000s\000e}{section.4.7}% 32
\BOOKMARK [2][-]{subsection.4.7.2}{\376\377\000A\000c\000t\000i\000v\000i\000t\000y\000\040\000L\000e\000v\000e\000l\000\040\000R\000e\000c\000i\000p\000i\000e\000n\000t\000\040\000L\000o\000c\000a\000t\000i\000o\000n\000s}{section.4.7}% 33
\BOOKMARK [2][-]{subsection.4.7.3}{\376\377\000T\000r\000a\000n\000s\000a\000c\000t\000i\000o\000n\000\040\000L\000e\000v\000e\000l\000\040\000R\000e\000c\000i\000p\000i\000e\000n\000t\000\040\000L\000o\000c\000a\000t\000i\000o\000n\000s}{section.4.7}% 34
\BOOKMARK [2][-]{subsection.4.7.4}{\376\377\000L\000o\000c\000a\000t\000i\000o\000n\000s\000\040\000E\000l\000e\000m\000e\000n\000t\000s}{section.4.7}% 35
\BOOKMARK [1][-]{section.4.8}{\376\377\000D\000e\000l\000i\000v\000e\000r\000a\000b\000l\000e\000\040\0003\000.\0001\000.\0006}{chapter.4}% 36
\BOOKMARK [2][-]{subsection.4.8.1}{\376\377\000U\000s\000e\000\040\000C\000a\000s\000e}{section.4.8}% 37
\BOOKMARK [2][-]{subsection.4.8.2}{\376\377\000B\000u\000d\000g\000e\000t\000s}{section.4.8}% 38
\BOOKMARK [2][-]{subsection.4.8.3}{\376\377\000T\000r\000a\000n\000s\000a\000c\000t\000i\000o\000n\000s}{section.4.8}% 39
\BOOKMARK [2][-]{subsection.4.8.4}{\376\377\000P\000l\000a\000n\000n\000e\000d\000\040\000D\000i\000s\000b\000u\000r\000s\000e\000m\000e\000n\000t\000s}{section.4.8}% 40
\BOOKMARK [2][-]{subsection.4.8.5}{\376\377\000I\000n\000\040\000C\000o\000m\000b\000i\000n\000a\000t\000i\000o\000n}{section.4.8}% 41
\BOOKMARK [0][-]{chapter.5}{\376\377\000A\000p\000p\000e\000n\000d\000i\000x\000\040\0001\000:\000\040\000D\000a\000t\000a\000\040\000W\000o\000r\000k\000b\000o\000o\000k}{}% 42
\BOOKMARK [0][-]{chapter.6}{\376\377\000I\000n\000d\000i\000c\000e\000s\000\040\000a\000n\000d\000\040\000t\000a\000b\000l\000e\000s}{}% 43
